{
"contracts/Raffle.sol":{"l":{"53":3,"54":3,"55":3,"56":3,"57":3,"58":3,"59":3,"60":3,"64":5,"65":1,"67":4,"68":1,"71":3,"72":3,"86":1,"87":1,"88":1,"89":1,"90":1,"94":1,"95":1,"96":0,"102":1,"103":1,"110":1,"117":0,"118":0,"119":0,"120":0,"121":0,"122":0,"123":0,"125":0,"126":0,"127":0,"131":5,"135":1,"139":0,"143":1,"147":0,"151":0,"155":0,"159":1,"163":0},"path":"/home/hannes/hh-fcc/hardhat-raflle/contracts/Raffle.sol","s":{"1":5,"2":4,"3":3,"4":3,"5":1,"6":1,"7":1,"8":1,"9":1,"10":1,"11":1,"12":1,"13":0,"14":0,"15":0,"16":0,"17":0,"18":5,"19":1,"20":0,"21":1,"22":0,"23":0,"24":0,"25":1,"26":0},"b":{"1":[1,4],"2":[1,3],"3":[0,1],"4":[0,0]},"f":{"1":3,"2":5,"3":1,"4":1,"5":0,"6":5,"7":1,"8":0,"9":1,"10":0,"11":0,"12":0,"13":1,"14":0},"fnMap":{"1":{"name":"constructor","line":52,"loc":{"start":{"line":45,"column":4},"end":{"line":61,"column":4}}},"2":{"name":"enterRaffle","line":63,"loc":{"start":{"line":63,"column":4},"end":{"line":73,"column":4}}},"3":{"name":"checkUpkeep","line":83,"loc":{"start":{"line":83,"column":4},"end":{"line":91,"column":4}}},"4":{"name":"performUpkeep","line":93,"loc":{"start":{"line":93,"column":4},"end":{"line":111,"column":4}}},"5":{"name":"fulfillRandomWords","line":113,"loc":{"start":{"line":113,"column":4},"end":{"line":128,"column":4}}},"6":{"name":"getEntranceFee","line":130,"loc":{"start":{"line":130,"column":4},"end":{"line":132,"column":4}}},"7":{"name":"getPlayer","line":134,"loc":{"start":{"line":134,"column":4},"end":{"line":136,"column":4}}},"8":{"name":"getRecentWinner","line":138,"loc":{"start":{"line":138,"column":4},"end":{"line":140,"column":4}}},"9":{"name":"getRaffleState","line":142,"loc":{"start":{"line":142,"column":4},"end":{"line":144,"column":4}}},"10":{"name":"getNumWords","line":146,"loc":{"start":{"line":146,"column":4},"end":{"line":148,"column":4}}},"11":{"name":"getNumPlayers","line":150,"loc":{"start":{"line":150,"column":4},"end":{"line":152,"column":4}}},"12":{"name":"getLatestTimestamp","line":154,"loc":{"start":{"line":154,"column":4},"end":{"line":156,"column":4}}},"13":{"name":"getInterval","line":158,"loc":{"start":{"line":158,"column":4},"end":{"line":160,"column":4}}},"14":{"name":"getRequestConfirmations","line":162,"loc":{"start":{"line":162,"column":4},"end":{"line":164,"column":4}}}},"statementMap":{"1":{"start":{"line":64,"column":8},"end":{"line":64,"column":2171}},"2":{"start":{"line":67,"column":8},"end":{"line":67,"column":2272}},"3":{"start":{"line":71,"column":8},"end":{"line":71,"column":42}},"4":{"start":{"line":72,"column":8},"end":{"line":72,"column":36}},"5":{"start":{"line":86,"column":8},"end":{"line":86,"column":57}},"6":{"start":{"line":87,"column":8},"end":{"line":87,"column":49}},"7":{"start":{"line":88,"column":8},"end":{"line":88,"column":82}},"8":{"start":{"line":89,"column":8},"end":{"line":89,"column":53}},"9":{"start":{"line":94,"column":8},"end":{"line":94,"column":47}},"10":{"start":{"line":95,"column":8},"end":{"line":95,"column":3476}},"11":{"start":{"line":103,"column":8},"end":{"line":103,"column":3738}},"12":{"start":{"line":110,"column":8},"end":{"line":110,"column":45}},"13":{"start":{"line":117,"column":8},"end":{"line":117,"column":65}},"14":{"start":{"line":118,"column":8},"end":{"line":118,"column":63}},"15":{"start":{"line":121,"column":8},"end":{"line":121,"column":78}},"16":{"start":{"line":122,"column":8},"end":{"line":122,"column":4429}},"17":{"start":{"line":125,"column":8},"end":{"line":125,"column":39}},"18":{"start":{"line":131,"column":8},"end":{"line":131,"column":28}},"19":{"start":{"line":135,"column":8},"end":{"line":135,"column":31}},"20":{"start":{"line":139,"column":8},"end":{"line":139,"column":29}},"21":{"start":{"line":143,"column":8},"end":{"line":143,"column":28}},"22":{"start":{"line":147,"column":8},"end":{"line":147,"column":24}},"23":{"start":{"line":151,"column":8},"end":{"line":151,"column":31}},"24":{"start":{"line":155,"column":8},"end":{"line":155,"column":30}},"25":{"start":{"line":159,"column":8},"end":{"line":159,"column":25}},"26":{"start":{"line":163,"column":8},"end":{"line":163,"column":36}}},"branchMap":{"1":{"line":64,"type":"if","locations":[{"start":{"line":64,"column":8},"end":{"line":64,"column":8}},{"start":{"line":64,"column":8},"end":{"line":64,"column":8}}]},"2":{"line":67,"type":"if","locations":[{"start":{"line":67,"column":8},"end":{"line":67,"column":8}},{"start":{"line":67,"column":8},"end":{"line":67,"column":8}}]},"3":{"line":95,"type":"if","locations":[{"start":{"line":95,"column":8},"end":{"line":95,"column":8}},{"start":{"line":95,"column":8},"end":{"line":95,"column":8}}]},"4":{"line":122,"type":"if","locations":[{"start":{"line":122,"column":8},"end":{"line":122,"column":8}},{"start":{"line":122,"column":8},"end":{"line":122,"column":8}}]}}},
"contracts/test/VRFCoordinatorV2Mock.sol":{"l":{},"path":"/home/hannes/hh-fcc/hardhat-raflle/contracts/test/VRFCoordinatorV2Mock.sol","s":{},"b":{},"f":{},"fnMap":{},"statementMap":{},"branchMap":{}}}
