TN:
SF:/home/hannes/hh-fcc/hardhat-raflle/contracts/Raffle.sol
FN:52,constructor
FN:63,enterRaffle
FN:83,checkUpkeep
FN:93,performUpkeep
FN:113,fulfillRandomWords
FN:130,getEntranceFee
FN:134,getPlayer
FN:138,getRecentWinner
FN:142,getRaffleState
FN:146,getNumWords
FN:150,getNumPlayers
FN:154,getLatestTimestamp
FN:158,getInterval
FN:162,getRequestConfirmations
FNF:14
FNH:8
FNDA:3,constructor
FNDA:5,enterRaffle
FNDA:1,checkUpkeep
FNDA:1,performUpkeep
FNDA:0,fulfillRandomWords
FNDA:5,getEntranceFee
FNDA:1,getPlayer
FNDA:0,getRecentWinner
FNDA:1,getRaffleState
FNDA:0,getNumWords
FNDA:0,getNumPlayers
FNDA:0,getLatestTimestamp
FNDA:1,getInterval
FNDA:0,getRequestConfirmations
DA:53,3
DA:54,3
DA:55,3
DA:56,3
DA:57,3
DA:58,3
DA:59,3
DA:60,3
DA:64,5
DA:65,1
DA:67,4
DA:68,1
DA:71,3
DA:72,3
DA:86,1
DA:87,1
DA:88,1
DA:89,1
DA:90,1
DA:94,1
DA:95,1
DA:96,0
DA:102,1
DA:103,1
DA:110,1
DA:117,0
DA:118,0
DA:119,0
DA:120,0
DA:121,0
DA:122,0
DA:123,0
DA:125,0
DA:126,0
DA:127,0
DA:131,5
DA:135,1
DA:139,0
DA:143,1
DA:147,0
DA:151,0
DA:155,0
DA:159,1
DA:163,0
LF:44
LH:28
BRDA:64,1,0,1
BRDA:64,1,1,4
BRDA:67,2,0,1
BRDA:67,2,1,3
BRDA:95,3,0,0
BRDA:95,3,1,1
BRDA:122,4,0,0
BRDA:122,4,1,0
BRF:8
BRH:5
end_of_record
TN:
SF:/home/hannes/hh-fcc/hardhat-raflle/contracts/test/VRFCoordinatorV2Mock.sol
FNF:0
FNH:0
LF:0
LH:0
BRF:0
BRH:0
end_of_record
